mode: set
github.com/essenius/slim4go/internal/slimentity/SlimEntity.go:27.30,30.2 2 1
github.com/essenius/slim4go/internal/slimentity/SlimEntity.go:33.62,35.34 2 1
github.com/essenius/slim4go/internal/slimentity/SlimEntity.go:38.2,38.13 1 1
github.com/essenius/slim4go/internal/slimentity/SlimEntity.go:35.34,37.3 1 1
github.com/essenius/slim4go/internal/slimentity/SlimEntity.go:44.41,47.2 2 1
github.com/essenius/slim4go/internal/slimentity/SlimEntity.go:51.39,53.30 2 1
github.com/essenius/slim4go/internal/slimentity/SlimEntity.go:56.2,56.15 1 1
github.com/essenius/slim4go/internal/slimentity/SlimEntity.go:53.30,55.3 1 1
github.com/essenius/slim4go/internal/slimentity/SlimEntity.go:60.41,61.24 1 1
github.com/essenius/slim4go/internal/slimentity/SlimEntity.go:64.2,64.24 1 1
github.com/essenius/slim4go/internal/slimentity/SlimEntity.go:61.24,63.3 1 1
github.com/essenius/slim4go/internal/slimentity/SlimEntity.go:70.49,72.2 1 1
github.com/essenius/slim4go/internal/slimentity/SlimEntity.go:75.56,77.2 1 1
github.com/essenius/slim4go/internal/slimentity/SlimEntity.go:80.52,81.37 1 1
github.com/essenius/slim4go/internal/slimentity/SlimEntity.go:84.2,84.30 1 1
github.com/essenius/slim4go/internal/slimentity/SlimEntity.go:89.2,89.13 1 1
github.com/essenius/slim4go/internal/slimentity/SlimEntity.go:81.37,83.3 1 1
github.com/essenius/slim4go/internal/slimentity/SlimEntity.go:84.30,85.27 1 1
github.com/essenius/slim4go/internal/slimentity/SlimEntity.go:85.27,87.4 1 1
github.com/essenius/slim4go/internal/slimentity/SlimEntity.go:93.36,94.17 1 1
github.com/essenius/slim4go/internal/slimentity/SlimEntity.go:97.2,97.19 1 1
github.com/essenius/slim4go/internal/slimentity/SlimEntity.go:94.17,96.3 1 1
github.com/essenius/slim4go/internal/slimentity/SlimEntity.go:101.41,102.21 1 1
github.com/essenius/slim4go/internal/slimentity/SlimEntity.go:105.2,107.20 3 1
github.com/essenius/slim4go/internal/slimentity/SlimEntity.go:102.21,103.37 1 1
github.com/essenius/slim4go/internal/slimentity/SlimEntity.go:111.50,113.2 1 1
github.com/essenius/slim4go/internal/slimentity/SlimEntity.go:116.51,119.2 2 1
github.com/essenius/slim4go/internal/slimentity/SlimEntity.go:122.41,125.30 2 1
github.com/essenius/slim4go/internal/slimentity/SlimEntity.go:136.2,137.15 2 1
github.com/essenius/slim4go/internal/slimentity/SlimEntity.go:125.30,126.24 1 1
github.com/essenius/slim4go/internal/slimentity/SlimEntity.go:132.3,132.24 1 1
github.com/essenius/slim4go/internal/slimentity/SlimEntity.go:126.24,128.4 1 1
github.com/essenius/slim4go/internal/slimentity/SlimEntity.go:128.9,130.4 1 1
github.com/essenius/slim4go/internal/slimentity/SlimEntity.go:132.24,134.4 1 1
github.com/essenius/slim4go/internal/slimentity/SlimEntity.go:141.57,143.2 1 1
github.com/essenius/slim4go/internal/slimentity/SlimMarshaller.go:36.50,40.2 3 1
github.com/essenius/slim4go/internal/slimentity/SlimMarshaller.go:42.51,45.16 2 1
github.com/essenius/slim4go/internal/slimentity/SlimMarshaller.go:48.2,48.27 1 1
github.com/essenius/slim4go/internal/slimentity/SlimMarshaller.go:45.16,46.30 1 0
github.com/essenius/slim4go/internal/slimentity/SlimMarshaller.go:48.27,49.100 1 0
github.com/essenius/slim4go/internal/slimentity/SlimMarshaller.go:53.44,56.17 2 1
github.com/essenius/slim4go/internal/slimentity/SlimMarshaller.go:59.2,61.17 3 1
github.com/essenius/slim4go/internal/slimentity/SlimMarshaller.go:64.2,64.15 1 1
github.com/essenius/slim4go/internal/slimentity/SlimMarshaller.go:56.17,57.102 1 1
github.com/essenius/slim4go/internal/slimentity/SlimMarshaller.go:61.17,62.82 1 0
github.com/essenius/slim4go/internal/slimentity/SlimMarshaller.go:67.68,72.81 2 1
github.com/essenius/slim4go/internal/slimentity/SlimMarshaller.go:79.2,79.15 1 1
github.com/essenius/slim4go/internal/slimentity/SlimMarshaller.go:72.81,73.21 1 0
github.com/essenius/slim4go/internal/slimentity/SlimMarshaller.go:74.8,75.32 1 1
github.com/essenius/slim4go/internal/slimentity/SlimMarshaller.go:75.32,76.108 1 0
github.com/essenius/slim4go/internal/slimentity/SlimMarshaller.go:82.55,85.41 2 1
github.com/essenius/slim4go/internal/slimentity/SlimMarshaller.go:88.2,88.56 1 1
github.com/essenius/slim4go/internal/slimentity/SlimMarshaller.go:85.41,87.3 1 1
github.com/essenius/slim4go/internal/slimentity/SlimMarshaller.go:88.56,89.71 1 1
github.com/essenius/slim4go/internal/slimentity/SlimMarshaller.go:89.71,90.22 1 0
github.com/essenius/slim4go/internal/slimentity/SlimMarshaller.go:93.4,93.23 1 0
github.com/essenius/slim4go/internal/slimentity/SlimMarshaller.go:90.22,92.5 1 0
github.com/essenius/slim4go/internal/slimentity/SlimMarshaller.go:94.9,95.44 1 1
github.com/essenius/slim4go/internal/slimentity/SlimMarshaller.go:98.4,99.19 2 1
github.com/essenius/slim4go/internal/slimentity/SlimMarshaller.go:102.4,102.54 1 1
github.com/essenius/slim4go/internal/slimentity/SlimMarshaller.go:95.44,97.5 1 1
github.com/essenius/slim4go/internal/slimentity/SlimMarshaller.go:99.19,101.5 1 1
github.com/essenius/slim4go/internal/slimentity/SlimMarshaller.go:102.54,105.5 2 1
github.com/essenius/slim4go/internal/slimentity/SlimMarshaller.go:112.65,115.2 2 1
github.com/essenius/slim4go/internal/slimentity/SlimMarshaller.go:117.69,118.15 1 1
github.com/essenius/slim4go/internal/slimentity/SlimMarshaller.go:125.2,126.63 2 1
github.com/essenius/slim4go/internal/slimentity/SlimMarshaller.go:139.2,141.31 3 1
github.com/essenius/slim4go/internal/slimentity/SlimMarshaller.go:118.15,119.31 1 1
github.com/essenius/slim4go/internal/slimentity/SlimMarshaller.go:119.31,122.4 2 1
github.com/essenius/slim4go/internal/slimentity/SlimMarshaller.go:126.63,128.47 2 1
github.com/essenius/slim4go/internal/slimentity/SlimMarshaller.go:136.3,137.19 2 1
github.com/essenius/slim4go/internal/slimentity/SlimMarshaller.go:128.47,130.18 2 1
github.com/essenius/slim4go/internal/slimentity/SlimMarshaller.go:133.4,134.26 2 1
github.com/essenius/slim4go/internal/slimentity/SlimMarshaller.go:130.18,132.5 1 0
github.com/essenius/slim4go/internal/slimentity/SlimMarshaller.go:145.40,146.25 1 1
github.com/essenius/slim4go/internal/slimentity/SlimMarshaller.go:150.2,153.34 4 1
github.com/essenius/slim4go/internal/slimentity/SlimMarshaller.go:157.2,159.24 3 1
github.com/essenius/slim4go/internal/slimentity/SlimMarshaller.go:146.25,149.3 2 1
github.com/essenius/slim4go/internal/slimentity/SlimMarshaller.go:153.34,156.3 2 1
github.com/essenius/slim4go/internal/slimentity/SlimMarshaller.go:162.46,163.20 1 1
github.com/essenius/slim4go/internal/slimentity/SlimMarshaller.go:166.2,166.25 1 1
github.com/essenius/slim4go/internal/slimentity/SlimMarshaller.go:163.20,165.3 1 0
