mode: set
github.com/essenius/slim4go/internal/slimserver/SlimPipe.go:30.111,37.2 6 1
github.com/essenius/slim4go/internal/slimserver/SlimPipe.go:40.57,43.2 2 0
github.com/essenius/slim4go/internal/slimserver/SlimPipe.go:46.38,49.2 2 1
github.com/essenius/slim4go/internal/slimserver/SlimPipe.go:52.57,55.2 2 1
github.com/essenius/slim4go/internal/slimserver/SlimPipe.go:58.56,61.12 3 1
github.com/essenius/slim4go/internal/slimserver/SlimPipe.go:71.2,71.9 1 1
github.com/essenius/slim4go/internal/slimserver/SlimPipe.go:61.12,63.17 2 1
github.com/essenius/slim4go/internal/slimserver/SlimPipe.go:68.3,69.22 2 1
github.com/essenius/slim4go/internal/slimserver/SlimPipe.go:63.17,65.4 1 0
github.com/essenius/slim4go/internal/slimserver/SlimPipe.go:65.9,67.4 1 1
github.com/essenius/slim4go/internal/slimserver/SlimPipe.go:72.31,73.20 1 1
github.com/essenius/slim4go/internal/slimserver/SlimPipe.go:74.27,75.16 1 0
github.com/essenius/slim4go/internal/slimserver/SlimPipe.go:76.34,78.53 2 1
github.com/essenius/slim4go/internal/slimserver/SlimServer.go:33.37,34.31 1 1
github.com/essenius/slim4go/internal/slimserver/SlimServer.go:37.2,37.27 1 1
github.com/essenius/slim4go/internal/slimserver/SlimServer.go:34.31,36.3 1 1
github.com/essenius/slim4go/internal/slimserver/SlimServer.go:40.133,46.2 5 1
github.com/essenius/slim4go/internal/slimserver/SlimServer.go:49.41,51.52 1 1
github.com/essenius/slim4go/internal/slimserver/SlimServer.go:55.2,55.79 1 1
github.com/essenius/slim4go/internal/slimserver/SlimServer.go:59.2,59.6 1 1
github.com/essenius/slim4go/internal/slimserver/SlimServer.go:51.52,53.3 1 1
github.com/essenius/slim4go/internal/slimserver/SlimServer.go:55.79,57.3 1 1
github.com/essenius/slim4go/internal/slimserver/SlimServer.go:59.6,62.18 3 1
github.com/essenius/slim4go/internal/slimserver/SlimServer.go:66.3,68.38 3 1
github.com/essenius/slim4go/internal/slimserver/SlimServer.go:74.3,77.51 4 1
github.com/essenius/slim4go/internal/slimserver/SlimServer.go:62.18,65.4 2 1
github.com/essenius/slim4go/internal/slimserver/SlimServer.go:68.38,69.46 1 1
github.com/essenius/slim4go/internal/slimserver/SlimServer.go:72.4,72.76 1 1
github.com/essenius/slim4go/internal/slimserver/SlimServer.go:69.46,71.5 1 1
github.com/essenius/slim4go/internal/slimserver/SlimServer.go:82.88,84.2 1 1
github.com/essenius/slim4go/internal/slimserver/SlimSocket.go:33.89,34.27 1 1
github.com/essenius/slim4go/internal/slimserver/SlimSocket.go:37.2,40.23 4 1
github.com/essenius/slim4go/internal/slimserver/SlimSocket.go:34.27,36.3 1 1
github.com/essenius/slim4go/internal/slimserver/SlimSocket.go:43.77,45.16 2 1
github.com/essenius/slim4go/internal/slimserver/SlimSocket.go:51.2,51.16 1 1
github.com/essenius/slim4go/internal/slimserver/SlimSocket.go:45.16,50.3 4 1
github.com/essenius/slim4go/internal/slimserver/SlimSocket.go:55.42,60.17 5 1
github.com/essenius/slim4go/internal/slimserver/SlimSocket.go:73.2,73.13 1 1
github.com/essenius/slim4go/internal/slimserver/SlimSocket.go:60.17,64.10 4 1
github.com/essenius/slim4go/internal/slimserver/SlimSocket.go:65.29,67.15 2 1
github.com/essenius/slim4go/internal/slimserver/SlimSocket.go:68.24,70.78 2 1
github.com/essenius/slim4go/internal/slimserver/SlimSocket.go:77.60,81.2 3 1
github.com/essenius/slim4go/internal/slimserver/SlimSocket.go:84.61,90.2 3 1
github.com/essenius/slim4go/internal/slimserver/slimMessenger.go:31.38,35.2 3 1
github.com/essenius/slim4go/internal/slimserver/slimMessenger.go:37.70,41.18 3 1
github.com/essenius/slim4go/internal/slimserver/slimMessenger.go:48.2,48.18 1 1
github.com/essenius/slim4go/internal/slimserver/slimMessenger.go:41.18,44.3 2 1
github.com/essenius/slim4go/internal/slimserver/slimMessenger.go:44.8,47.3 2 1
