mode: set
github.com/essenius/slim4go/internal/slimcontext/context.go:35.22,38.2 2 0
github.com/essenius/slim4go/internal/slimcontext/context.go:43.31,44.23 1 1
github.com/essenius/slim4go/internal/slimcontext/context.go:47.2,47.19 1 1
github.com/essenius/slim4go/internal/slimcontext/context.go:44.23,46.3 1 1
github.com/essenius/slim4go/internal/slimcontext/context.go:53.51,55.52 1 1
github.com/essenius/slim4go/internal/slimcontext/context.go:58.2,66.17 8 1
github.com/essenius/slim4go/internal/slimcontext/context.go:69.2,69.17 1 1
github.com/essenius/slim4go/internal/slimcontext/context.go:72.2,73.89 2 1
github.com/essenius/slim4go/internal/slimcontext/context.go:55.52,57.3 1 1
github.com/essenius/slim4go/internal/slimcontext/context.go:66.17,68.3 1 1
github.com/essenius/slim4go/internal/slimcontext/context.go:69.17,71.3 1 1
github.com/essenius/slim4go/internal/slimcontext/context.go:76.28,80.2 3 1
github.com/essenius/slim4go/internal/slimcontext/context.go:82.44,85.20 2 1
github.com/essenius/slim4go/internal/slimcontext/context.go:88.2,91.16 4 1
github.com/essenius/slim4go/internal/slimcontext/context.go:94.2,94.14 1 1
github.com/essenius/slim4go/internal/slimcontext/context.go:97.2,97.18 1 1
github.com/essenius/slim4go/internal/slimcontext/context.go:85.20,87.3 1 1
github.com/essenius/slim4go/internal/slimcontext/context.go:91.16,93.3 1 1
github.com/essenius/slim4go/internal/slimcontext/context.go:94.14,96.3 1 1
github.com/essenius/slim4go/internal/slimprotocol/SlimProtocol.go:22.39,24.2 1 1
github.com/essenius/slim4go/internal/slimprotocol/SlimProtocol.go:27.38,29.2 1 1
github.com/essenius/slim4go/internal/slimprotocol/SlimProtocol.go:32.19,34.2 1 1
github.com/essenius/slim4go/internal/slimprotocol/SlimProtocol.go:37.59,39.2 1 1
github.com/essenius/slim4go/internal/slimprotocol/SlimProtocol.go:43.41,46.18 3 1
github.com/essenius/slim4go/internal/slimprotocol/SlimProtocol.go:49.2,49.41 1 1
github.com/essenius/slim4go/internal/slimprotocol/SlimProtocol.go:52.2,52.29 1 1
github.com/essenius/slim4go/internal/slimprotocol/SlimProtocol.go:46.18,48.3 1 1
github.com/essenius/slim4go/internal/slimprotocol/SlimProtocol.go:49.41,51.3 1 1
github.com/essenius/slim4go/internal/slimprotocol/SlimProtocol.go:56.63,58.2 1 1
github.com/essenius/slim4go/internal/slimprotocol/SlimProtocol.go:61.54,63.2 1 1
github.com/essenius/slim4go/internal/slimprotocol/SlimProtocol.go:66.43,68.2 1 1
github.com/essenius/slim4go/internal/slimprotocol/SlimProtocol.go:71.47,73.2 1 1
github.com/essenius/slim4go/internal/slimprotocol/SlimProtocol.go:76.63,78.2 1 1
github.com/essenius/slim4go/internal/slimprotocol/SlimProtocol.go:81.45,83.2 1 1
github.com/essenius/slim4go/internal/slimprotocol/SlimProtocol.go:86.86,88.2 1 1
github.com/essenius/slim4go/internal/slimprotocol/SlimProtocol.go:91.20,93.2 1 1
github.com/essenius/slim4go/internal/slimprotocol/SlimProtocol.go:96.18,98.2 1 1
github.com/essenius/slim4go/internal/slimprotocol/SlimProtocol.go:102.45,104.2 1 1
github.com/essenius/slim4go/internal/slimprotocol/SlimProtocol.go:107.23,109.2 1 1
github.com/essenius/slim4go/internal/slimprotocol/SlimProtocol.go:112.20,114.2 1 1
github.com/essenius/slim4go/internal/slimentity/SlimMarshaller.go:36.50,40.2 3 1
github.com/essenius/slim4go/internal/slimentity/SlimMarshaller.go:42.51,45.16 2 1
github.com/essenius/slim4go/internal/slimentity/SlimMarshaller.go:48.2,48.27 1 1
github.com/essenius/slim4go/internal/slimentity/SlimMarshaller.go:45.16,46.40 1 1
github.com/essenius/slim4go/internal/slimentity/SlimMarshaller.go:48.27,49.100 1 1
github.com/essenius/slim4go/internal/slimentity/SlimMarshaller.go:53.44,56.17 2 1
github.com/essenius/slim4go/internal/slimentity/SlimMarshaller.go:59.2,61.17 3 1
github.com/essenius/slim4go/internal/slimentity/SlimMarshaller.go:64.2,64.15 1 1
github.com/essenius/slim4go/internal/slimentity/SlimMarshaller.go:56.17,57.102 1 1
github.com/essenius/slim4go/internal/slimentity/SlimMarshaller.go:61.17,62.82 1 1
github.com/essenius/slim4go/internal/slimentity/SlimMarshaller.go:67.68,73.73 3 1
github.com/essenius/slim4go/internal/slimentity/SlimMarshaller.go:76.2,76.15 1 1
github.com/essenius/slim4go/internal/slimentity/SlimMarshaller.go:73.73,74.21 1 1
github.com/essenius/slim4go/internal/slimentity/SlimMarshaller.go:79.55,82.41 2 1
github.com/essenius/slim4go/internal/slimentity/SlimMarshaller.go:85.2,85.56 1 1
github.com/essenius/slim4go/internal/slimentity/SlimMarshaller.go:82.41,84.3 1 1
github.com/essenius/slim4go/internal/slimentity/SlimMarshaller.go:85.56,87.43 2 1
github.com/essenius/slim4go/internal/slimentity/SlimMarshaller.go:90.3,91.18 2 1
github.com/essenius/slim4go/internal/slimentity/SlimMarshaller.go:94.3,94.53 1 1
github.com/essenius/slim4go/internal/slimentity/SlimMarshaller.go:87.43,89.4 1 1
github.com/essenius/slim4go/internal/slimentity/SlimMarshaller.go:91.18,93.4 1 1
github.com/essenius/slim4go/internal/slimentity/SlimMarshaller.go:94.53,97.4 2 1
github.com/essenius/slim4go/internal/slimentity/SlimMarshaller.go:103.65,106.2 2 1
github.com/essenius/slim4go/internal/slimentity/SlimMarshaller.go:108.69,109.15 1 1
github.com/essenius/slim4go/internal/slimentity/SlimMarshaller.go:116.2,117.63 2 1
github.com/essenius/slim4go/internal/slimentity/SlimMarshaller.go:130.2,132.31 3 1
github.com/essenius/slim4go/internal/slimentity/SlimMarshaller.go:109.15,110.31 1 1
github.com/essenius/slim4go/internal/slimentity/SlimMarshaller.go:110.31,113.4 2 1
github.com/essenius/slim4go/internal/slimentity/SlimMarshaller.go:117.63,119.47 2 1
github.com/essenius/slim4go/internal/slimentity/SlimMarshaller.go:127.3,128.19 2 1
github.com/essenius/slim4go/internal/slimentity/SlimMarshaller.go:119.47,121.18 2 1
github.com/essenius/slim4go/internal/slimentity/SlimMarshaller.go:124.4,125.26 2 1
github.com/essenius/slim4go/internal/slimentity/SlimMarshaller.go:121.18,123.5 1 0
github.com/essenius/slim4go/internal/slimentity/SlimMarshaller.go:136.40,137.25 1 1
github.com/essenius/slim4go/internal/slimentity/SlimMarshaller.go:141.2,144.34 4 1
github.com/essenius/slim4go/internal/slimentity/SlimMarshaller.go:148.2,150.24 3 1
github.com/essenius/slim4go/internal/slimentity/SlimMarshaller.go:137.25,140.3 2 1
github.com/essenius/slim4go/internal/slimentity/SlimMarshaller.go:144.34,147.3 2 1
github.com/essenius/slim4go/internal/slimentity/SlimMarshaller.go:153.46,154.20 1 1
github.com/essenius/slim4go/internal/slimentity/SlimMarshaller.go:157.2,157.25 1 1
github.com/essenius/slim4go/internal/slimentity/SlimMarshaller.go:154.20,156.3 1 1
github.com/essenius/slim4go/internal/slimentity/SlimEntity.go:27.30,30.2 2 1
github.com/essenius/slim4go/internal/slimentity/SlimEntity.go:33.62,35.34 2 1
github.com/essenius/slim4go/internal/slimentity/SlimEntity.go:38.2,38.13 1 1
github.com/essenius/slim4go/internal/slimentity/SlimEntity.go:35.34,37.3 1 1
github.com/essenius/slim4go/internal/slimentity/SlimEntity.go:44.41,47.2 2 1
github.com/essenius/slim4go/internal/slimentity/SlimEntity.go:51.39,53.30 2 1
github.com/essenius/slim4go/internal/slimentity/SlimEntity.go:56.2,56.15 1 1
github.com/essenius/slim4go/internal/slimentity/SlimEntity.go:53.30,55.3 1 1
github.com/essenius/slim4go/internal/slimentity/SlimEntity.go:60.41,61.24 1 1
github.com/essenius/slim4go/internal/slimentity/SlimEntity.go:64.2,64.24 1 1
github.com/essenius/slim4go/internal/slimentity/SlimEntity.go:61.24,63.3 1 1
github.com/essenius/slim4go/internal/slimentity/SlimEntity.go:70.49,72.2 1 1
github.com/essenius/slim4go/internal/slimentity/SlimEntity.go:75.56,77.2 1 1
github.com/essenius/slim4go/internal/slimentity/SlimEntity.go:80.52,81.37 1 1
github.com/essenius/slim4go/internal/slimentity/SlimEntity.go:84.2,84.30 1 1
github.com/essenius/slim4go/internal/slimentity/SlimEntity.go:89.2,89.13 1 1
github.com/essenius/slim4go/internal/slimentity/SlimEntity.go:81.37,83.3 1 1
github.com/essenius/slim4go/internal/slimentity/SlimEntity.go:84.30,85.27 1 1
github.com/essenius/slim4go/internal/slimentity/SlimEntity.go:85.27,87.4 1 1
github.com/essenius/slim4go/internal/slimentity/SlimEntity.go:93.36,94.17 1 1
github.com/essenius/slim4go/internal/slimentity/SlimEntity.go:97.2,97.19 1 1
github.com/essenius/slim4go/internal/slimentity/SlimEntity.go:94.17,96.3 1 1
github.com/essenius/slim4go/internal/slimentity/SlimEntity.go:101.41,102.21 1 1
github.com/essenius/slim4go/internal/slimentity/SlimEntity.go:105.2,107.20 3 1
github.com/essenius/slim4go/internal/slimentity/SlimEntity.go:102.21,103.37 1 1
github.com/essenius/slim4go/internal/slimentity/SlimEntity.go:111.50,113.2 1 1
github.com/essenius/slim4go/internal/slimentity/SlimEntity.go:116.51,119.2 2 1
github.com/essenius/slim4go/internal/slimentity/SlimEntity.go:122.41,125.30 2 1
github.com/essenius/slim4go/internal/slimentity/SlimEntity.go:136.2,137.15 2 1
github.com/essenius/slim4go/internal/slimentity/SlimEntity.go:125.30,126.24 1 1
github.com/essenius/slim4go/internal/slimentity/SlimEntity.go:132.3,132.24 1 1
github.com/essenius/slim4go/internal/slimentity/SlimEntity.go:126.24,128.4 1 1
github.com/essenius/slim4go/internal/slimentity/SlimEntity.go:128.9,130.4 1 1
github.com/essenius/slim4go/internal/slimentity/SlimEntity.go:132.24,134.4 1 1
github.com/essenius/slim4go/internal/slimentity/SlimEntity.go:141.57,143.2 1 1
github.com/essenius/slim4go/internal/slimprocessor/SymbolTable.go:26.39,28.2 1 1
github.com/essenius/slim4go/internal/slimprocessor/SymbolTable.go:30.36,33.2 2 1
github.com/essenius/slim4go/internal/slimprocessor/SymbolTable.go:39.63,42.2 2 1
github.com/essenius/slim4go/internal/slimprocessor/SymbolTable.go:44.67,47.2 2 1
github.com/essenius/slim4go/internal/slimprocessor/SymbolTable.go:49.82,50.39 1 1
github.com/essenius/slim4go/internal/slimprocessor/SymbolTable.go:58.2,58.19 1 1
github.com/essenius/slim4go/internal/slimprocessor/SymbolTable.go:50.39,52.9 2 1
github.com/essenius/slim4go/internal/slimprocessor/SymbolTable.go:52.9,53.54 1 1
github.com/essenius/slim4go/internal/slimprocessor/SymbolTable.go:53.54,55.5 1 1
github.com/essenius/slim4go/internal/slimprocessor/SymbolTable.go:61.68,64.2 2 1
github.com/essenius/slim4go/internal/slimprocessor/SymbolTable.go:66.76,67.35 1 1
github.com/essenius/slim4go/internal/slimprocessor/SymbolTable.go:75.2,75.50 1 1
github.com/essenius/slim4go/internal/slimprocessor/SymbolTable.go:67.35,70.37 3 1
github.com/essenius/slim4go/internal/slimprocessor/SymbolTable.go:73.3,73.16 1 1
github.com/essenius/slim4go/internal/slimprocessor/SymbolTable.go:70.37,72.4 1 1
github.com/essenius/slim4go/internal/slimprocessor/SymbolTable.go:78.68,79.56 1 1
github.com/essenius/slim4go/internal/slimprocessor/SymbolTable.go:86.2,86.19 1 1
github.com/essenius/slim4go/internal/slimprocessor/SymbolTable.go:79.56,81.33 2 1
github.com/essenius/slim4go/internal/slimprocessor/SymbolTable.go:84.3,84.30 1 1
github.com/essenius/slim4go/internal/slimprocessor/SymbolTable.go:81.33,83.4 1 1
github.com/essenius/slim4go/internal/slimprocessor/SymbolTable.go:89.79,90.39 1 1
github.com/essenius/slim4go/internal/slimprocessor/SymbolTable.go:94.2,94.54 1 1
github.com/essenius/slim4go/internal/slimprocessor/SymbolTable.go:90.39,93.3 2 1
github.com/essenius/slim4go/internal/slimprocessor/SymbolTable.go:97.76,100.2 2 1
github.com/essenius/slim4go/internal/slimprocessor/Actor.go:16.33,18.2 1 1
github.com/essenius/slim4go/internal/slimprocessor/Actor.go:22.34,25.2 2 1
github.com/essenius/slim4go/internal/slimprocessor/Actor.go:29.46,31.17 2 1
github.com/essenius/slim4go/internal/slimprocessor/Actor.go:34.2,34.21 1 1
github.com/essenius/slim4go/internal/slimprocessor/Actor.go:31.17,33.3 1 1
github.com/essenius/slim4go/internal/slimprocessor/Actor.go:37.40,39.2 1 1
github.com/essenius/slim4go/internal/slimprocessor/Actor.go:41.45,43.20 2 1
github.com/essenius/slim4go/internal/slimprocessor/Actor.go:46.2,47.16 2 1
github.com/essenius/slim4go/internal/slimprocessor/Actor.go:43.20,45.3 1 1
github.com/essenius/slim4go/internal/slimprocessor/Actor.go:50.54,52.2 1 1
github.com/essenius/slim4go/internal/slimprocessor/Fixture.go:29.71,34.2 4 1
github.com/essenius/slim4go/internal/slimprocessor/Fixture.go:42.35,43.28 1 1
github.com/essenius/slim4go/internal/slimprocessor/Fixture.go:47.2,47.24 1 1
github.com/essenius/slim4go/internal/slimprocessor/Fixture.go:43.28,46.3 2 1
github.com/essenius/slim4go/internal/slimprocessor/Fixture.go:52.71,55.2 2 1
github.com/essenius/slim4go/internal/slimprocessor/Fixture.go:58.90,61.2 2 1
github.com/essenius/slim4go/internal/slimprocessor/Fixture.go:74.87,80.2 5 1
github.com/essenius/slim4go/internal/slimprocessor/Fixture.go:82.32,85.2 2 1
github.com/essenius/slim4go/internal/slimprocessor/Fixture.go:87.33,89.2 1 1
github.com/essenius/slim4go/internal/slimprocessor/Fixture.go:93.47,94.33 1 1
github.com/essenius/slim4go/internal/slimprocessor/Fixture.go:97.2,97.12 1 1
github.com/essenius/slim4go/internal/slimprocessor/Fixture.go:94.33,96.3 1 1
github.com/essenius/slim4go/internal/slimprocessor/Fixture.go:100.100,103.2 2 1
github.com/essenius/slim4go/internal/slimprocessor/Fixture.go:105.40,107.2 1 1
github.com/essenius/slim4go/internal/slimprocessor/Fixture.go:109.68,112.2 2 1
github.com/essenius/slim4go/internal/slimprocessor/Fixture.go:114.71,116.36 2 1
github.com/essenius/slim4go/internal/slimprocessor/Fixture.go:121.2,121.15 1 1
github.com/essenius/slim4go/internal/slimprocessor/Fixture.go:116.36,117.55 1 1
github.com/essenius/slim4go/internal/slimprocessor/Fixture.go:117.55,119.4 1 1
github.com/essenius/slim4go/internal/slimprocessor/Fixture.go:124.94,126.21 2 1
github.com/essenius/slim4go/internal/slimprocessor/Fixture.go:129.2,130.12 2 1
github.com/essenius/slim4go/internal/slimprocessor/Fixture.go:126.21,128.3 1 1
github.com/essenius/slim4go/internal/slimprocessor/FunctionCaller.go:27.57,31.2 3 1
github.com/essenius/slim4go/internal/slimprocessor/FunctionCaller.go:33.65,39.2 5 1
github.com/essenius/slim4go/internal/slimprocessor/FunctionCaller.go:43.48,46.2 2 1
github.com/essenius/slim4go/internal/slimprocessor/FunctionCaller.go:48.46,50.2 1 1
github.com/essenius/slim4go/internal/slimprocessor/FunctionCaller.go:52.73,53.67 1 1
github.com/essenius/slim4go/internal/slimprocessor/FunctionCaller.go:56.2,56.34 1 1
github.com/essenius/slim4go/internal/slimprocessor/FunctionCaller.go:53.67,55.3 1 1
github.com/essenius/slim4go/internal/slimprocessor/FunctionCaller.go:59.70,63.30 3 1
github.com/essenius/slim4go/internal/slimprocessor/FunctionCaller.go:67.2,67.35 1 1
github.com/essenius/slim4go/internal/slimprocessor/FunctionCaller.go:63.30,66.3 2 1
github.com/essenius/slim4go/internal/slimprocessor/FunctionCaller.go:70.76,71.34 1 1
github.com/essenius/slim4go/internal/slimprocessor/FunctionCaller.go:79.2,80.26 2 1
github.com/essenius/slim4go/internal/slimprocessor/FunctionCaller.go:83.2,83.14 1 1
github.com/essenius/slim4go/internal/slimprocessor/FunctionCaller.go:71.34,74.31 3 1
github.com/essenius/slim4go/internal/slimprocessor/FunctionCaller.go:77.3,77.16 1 1
github.com/essenius/slim4go/internal/slimprocessor/FunctionCaller.go:74.31,76.4 1 1
github.com/essenius/slim4go/internal/slimprocessor/FunctionCaller.go:80.26,82.3 1 1
github.com/essenius/slim4go/internal/slimprocessor/FunctionCaller.go:87.76,89.16 2 1
github.com/essenius/slim4go/internal/slimprocessor/FunctionCaller.go:92.2,92.16 1 1
github.com/essenius/slim4go/internal/slimprocessor/FunctionCaller.go:95.2,96.44 2 1
github.com/essenius/slim4go/internal/slimprocessor/FunctionCaller.go:99.2,99.19 1 1
github.com/essenius/slim4go/internal/slimprocessor/FunctionCaller.go:89.16,91.3 1 1
github.com/essenius/slim4go/internal/slimprocessor/FunctionCaller.go:92.16,94.3 1 1
github.com/essenius/slim4go/internal/slimprocessor/FunctionCaller.go:96.44,98.3 1 1
github.com/essenius/slim4go/internal/slimprocessor/FunctionCaller.go:102.72,103.27 1 1
github.com/essenius/slim4go/internal/slimprocessor/FunctionCaller.go:107.2,107.41 1 1
github.com/essenius/slim4go/internal/slimprocessor/FunctionCaller.go:110.2,110.26 1 1
github.com/essenius/slim4go/internal/slimprocessor/FunctionCaller.go:114.2,114.27 1 1
github.com/essenius/slim4go/internal/slimprocessor/FunctionCaller.go:103.27,105.3 1 1
github.com/essenius/slim4go/internal/slimprocessor/FunctionCaller.go:107.41,109.3 1 1
github.com/essenius/slim4go/internal/slimprocessor/FunctionCaller.go:110.26,112.3 1 1
github.com/essenius/slim4go/internal/slimprocessor/FunctionCaller.go:115.38,117.46 1 1
github.com/essenius/slim4go/internal/slimprocessor/FunctionCaller.go:119.36,121.41 2 1
github.com/essenius/slim4go/internal/slimprocessor/FunctionCaller.go:125.3,125.16 1 1
github.com/essenius/slim4go/internal/slimprocessor/FunctionCaller.go:127.19,132.23 5 1
github.com/essenius/slim4go/internal/slimprocessor/FunctionCaller.go:135.3,135.44 1 1
github.com/essenius/slim4go/internal/slimprocessor/FunctionCaller.go:136.10,137.36 1 1
github.com/essenius/slim4go/internal/slimprocessor/FunctionCaller.go:121.41,124.4 2 1
github.com/essenius/slim4go/internal/slimprocessor/FunctionCaller.go:132.23,134.4 1 1
github.com/essenius/slim4go/internal/slimprocessor/FunctionCaller.go:143.163,145.16 2 1
github.com/essenius/slim4go/internal/slimprocessor/FunctionCaller.go:149.2,149.15 1 1
github.com/essenius/slim4go/internal/slimprocessor/FunctionCaller.go:155.2,156.46 2 1
github.com/essenius/slim4go/internal/slimprocessor/FunctionCaller.go:145.16,147.3 1 1
github.com/essenius/slim4go/internal/slimprocessor/FunctionCaller.go:149.15,150.47 1 1
github.com/essenius/slim4go/internal/slimprocessor/FunctionCaller.go:150.47,153.4 2 1
github.com/essenius/slim4go/internal/slimprocessor/FunctionCaller.go:159.112,162.39 3 1
github.com/essenius/slim4go/internal/slimprocessor/FunctionCaller.go:165.2,167.29 3 1
github.com/essenius/slim4go/internal/slimprocessor/FunctionCaller.go:172.2,172.22 1 1
github.com/essenius/slim4go/internal/slimprocessor/FunctionCaller.go:175.2,175.41 1 1
github.com/essenius/slim4go/internal/slimprocessor/FunctionCaller.go:183.2,183.21 1 1
github.com/essenius/slim4go/internal/slimprocessor/FunctionCaller.go:162.39,164.3 1 1
github.com/essenius/slim4go/internal/slimprocessor/FunctionCaller.go:167.29,169.3 1 1
github.com/essenius/slim4go/internal/slimprocessor/FunctionCaller.go:169.8,171.3 1 1
github.com/essenius/slim4go/internal/slimprocessor/FunctionCaller.go:172.22,174.3 1 1
github.com/essenius/slim4go/internal/slimprocessor/FunctionCaller.go:175.41,178.17 3 1
github.com/essenius/slim4go/internal/slimprocessor/FunctionCaller.go:181.3,181.56 1 1
github.com/essenius/slim4go/internal/slimprocessor/FunctionCaller.go:178.17,180.4 1 1
github.com/essenius/slim4go/internal/slimprocessor/Parser.go:33.46,37.2 3 1
github.com/essenius/slim4go/internal/slimprocessor/Parser.go:41.52,43.2 1 1
github.com/essenius/slim4go/internal/slimprocessor/Parser.go:45.55,50.39 5 1
github.com/essenius/slim4go/internal/slimprocessor/Parser.go:53.2,53.6 1 1
github.com/essenius/slim4go/internal/slimprocessor/Parser.go:50.39,52.3 1 1
github.com/essenius/slim4go/internal/slimprocessor/Parser.go:53.6,55.20 2 1
github.com/essenius/slim4go/internal/slimprocessor/Parser.go:56.24,57.20 1 1
github.com/essenius/slim4go/internal/slimprocessor/Parser.go:60.4,60.33 1 1
github.com/essenius/slim4go/internal/slimprocessor/Parser.go:63.4,63.33 1 0
github.com/essenius/slim4go/internal/slimprocessor/Parser.go:64.27,65.66 1 1
github.com/essenius/slim4go/internal/slimprocessor/Parser.go:73.25,74.66 1 1
github.com/essenius/slim4go/internal/slimprocessor/Parser.go:57.20,59.5 1 1
github.com/essenius/slim4go/internal/slimprocessor/Parser.go:60.33,62.5 1 1
github.com/essenius/slim4go/internal/slimprocessor/Parser.go:65.66,67.34 2 1
github.com/essenius/slim4go/internal/slimprocessor/Parser.go:67.34,71.6 3 1
github.com/essenius/slim4go/internal/slimprocessor/Parser.go:74.66,75.21 1 1
github.com/essenius/slim4go/internal/slimprocessor/Parser.go:75.21,78.6 2 1
github.com/essenius/slim4go/internal/slimprocessor/Parser.go:84.54,86.61 2 1
github.com/essenius/slim4go/internal/slimprocessor/Parser.go:89.2,89.47 1 1
github.com/essenius/slim4go/internal/slimprocessor/Parser.go:86.61,88.3 1 1
github.com/essenius/slim4go/internal/slimprocessor/Parser.go:92.60,94.2 1 1
github.com/essenius/slim4go/internal/slimprocessor/Parser.go:96.69,98.29 2 1
github.com/essenius/slim4go/internal/slimprocessor/Parser.go:108.2,108.72 1 1
github.com/essenius/slim4go/internal/slimprocessor/Parser.go:98.29,99.34 1 1
github.com/essenius/slim4go/internal/slimprocessor/Parser.go:102.3,102.18 1 1
github.com/essenius/slim4go/internal/slimprocessor/Parser.go:99.34,101.4 1 1
github.com/essenius/slim4go/internal/slimprocessor/Parser.go:102.18,104.4 1 1
github.com/essenius/slim4go/internal/slimprocessor/Parser.go:104.9,104.25 1 1
github.com/essenius/slim4go/internal/slimprocessor/Parser.go:104.25,106.4 1 1
github.com/essenius/slim4go/internal/slimprocessor/Parser.go:113.90,114.34 1 1
github.com/essenius/slim4go/internal/slimprocessor/Parser.go:118.2,118.65 1 1
github.com/essenius/slim4go/internal/slimprocessor/Parser.go:126.2,128.90 3 1
github.com/essenius/slim4go/internal/slimprocessor/Parser.go:133.2,133.30 1 1
github.com/essenius/slim4go/internal/slimprocessor/Parser.go:136.2,136.27 1 1
github.com/essenius/slim4go/internal/slimprocessor/Parser.go:114.34,117.3 2 1
github.com/essenius/slim4go/internal/slimprocessor/Parser.go:118.65,119.59 1 1
github.com/essenius/slim4go/internal/slimprocessor/Parser.go:122.3,122.127 1 1
github.com/essenius/slim4go/internal/slimprocessor/Parser.go:119.59,121.4 1 1
github.com/essenius/slim4go/internal/slimprocessor/Parser.go:128.90,130.3 1 1
github.com/essenius/slim4go/internal/slimprocessor/Parser.go:133.30,135.3 1 1
github.com/essenius/slim4go/internal/slimprocessor/Parser.go:137.19,138.53 1 1
github.com/essenius/slim4go/internal/slimprocessor/Parser.go:139.21,141.21 2 1
github.com/essenius/slim4go/internal/slimprocessor/Parser.go:142.19,143.45 1 1
github.com/essenius/slim4go/internal/slimprocessor/Parser.go:144.10,145.94 1 1
github.com/essenius/slim4go/internal/slimprocessor/Parser.go:152.96,154.37 2 1
github.com/essenius/slim4go/internal/slimprocessor/Parser.go:160.2,161.27 2 1
github.com/essenius/slim4go/internal/slimprocessor/Parser.go:175.2,175.81 1 1
github.com/essenius/slim4go/internal/slimprocessor/Parser.go:154.37,156.3 1 1
github.com/essenius/slim4go/internal/slimprocessor/Parser.go:156.8,159.3 1 1
github.com/essenius/slim4go/internal/slimprocessor/Parser.go:161.27,163.17 2 1
github.com/essenius/slim4go/internal/slimprocessor/Parser.go:169.3,169.38 1 1
github.com/essenius/slim4go/internal/slimprocessor/Parser.go:173.3,173.45 1 1
github.com/essenius/slim4go/internal/slimprocessor/Parser.go:163.17,165.4 1 0
github.com/essenius/slim4go/internal/slimprocessor/Parser.go:169.38,171.4 1 1
github.com/essenius/slim4go/internal/slimprocessor/Parser.go:180.93,182.16 2 1
github.com/essenius/slim4go/internal/slimprocessor/Parser.go:185.2,187.29 3 1
github.com/essenius/slim4go/internal/slimprocessor/Parser.go:201.2,201.37 1 1
github.com/essenius/slim4go/internal/slimprocessor/Parser.go:182.16,184.3 1 1
github.com/essenius/slim4go/internal/slimprocessor/Parser.go:187.29,188.20 1 1
github.com/essenius/slim4go/internal/slimprocessor/Parser.go:191.3,193.69 3 1
github.com/essenius/slim4go/internal/slimprocessor/Parser.go:196.3,196.72 1 1
github.com/essenius/slim4go/internal/slimprocessor/Parser.go:199.3,199.72 1 1
github.com/essenius/slim4go/internal/slimprocessor/Parser.go:188.20,190.4 1 1
github.com/essenius/slim4go/internal/slimprocessor/Parser.go:193.69,195.4 1 1
github.com/essenius/slim4go/internal/slimprocessor/Parser.go:196.72,198.4 1 1
github.com/essenius/slim4go/internal/slimprocessor/Parser.go:206.108,209.27 3 1
github.com/essenius/slim4go/internal/slimprocessor/Parser.go:223.2,223.16 1 1
github.com/essenius/slim4go/internal/slimprocessor/Parser.go:226.2,226.97 1 1
github.com/essenius/slim4go/internal/slimprocessor/Parser.go:210.20,211.49 1 1
github.com/essenius/slim4go/internal/slimprocessor/Parser.go:212.78,213.70 1 1
github.com/essenius/slim4go/internal/slimprocessor/Parser.go:214.83,215.71 1 1
github.com/essenius/slim4go/internal/slimprocessor/Parser.go:216.40,217.69 1 1
github.com/essenius/slim4go/internal/slimprocessor/Parser.go:218.22,219.35 1 1
github.com/essenius/slim4go/internal/slimprocessor/Parser.go:220.10,221.36 1 1
github.com/essenius/slim4go/internal/slimprocessor/Parser.go:223.16,225.3 1 1
github.com/essenius/slim4go/internal/slimprocessor/Parser.go:229.93,231.16 2 1
github.com/essenius/slim4go/internal/slimprocessor/Parser.go:234.2,236.33 3 1
github.com/essenius/slim4go/internal/slimprocessor/Parser.go:231.16,233.3 1 1
github.com/essenius/slim4go/internal/slimprocessor/Parser.go:239.95,241.39 2 1
github.com/essenius/slim4go/internal/slimprocessor/Parser.go:249.2,249.53 1 1
github.com/essenius/slim4go/internal/slimprocessor/Parser.go:241.39,244.79 3 1
github.com/essenius/slim4go/internal/slimprocessor/Parser.go:247.3,247.20 1 1
github.com/essenius/slim4go/internal/slimprocessor/Parser.go:244.79,246.4 1 1
github.com/essenius/slim4go/internal/slimprocessor/Parser.go:252.103,254.20 2 1
github.com/essenius/slim4go/internal/slimprocessor/Parser.go:254.20,256.22 2 1
github.com/essenius/slim4go/internal/slimprocessor/Parser.go:259.3,264.22 2 1
github.com/essenius/slim4go/internal/slimprocessor/Parser.go:277.3,277.61 1 1
github.com/essenius/slim4go/internal/slimprocessor/Parser.go:256.22,258.4 1 1
github.com/essenius/slim4go/internal/slimprocessor/Parser.go:264.22,265.95 1 1
github.com/essenius/slim4go/internal/slimprocessor/Parser.go:268.4,268.37 1 1
github.com/essenius/slim4go/internal/slimprocessor/Parser.go:265.95,267.5 1 0
github.com/essenius/slim4go/internal/slimprocessor/Parser.go:269.9,273.18 4 1
github.com/essenius/slim4go/internal/slimprocessor/Parser.go:273.18,275.5 1 1
github.com/essenius/slim4go/internal/slimprocessor/Parser.go:281.106,283.17 2 1
github.com/essenius/slim4go/internal/slimprocessor/Parser.go:286.2,287.17 2 1
github.com/essenius/slim4go/internal/slimprocessor/Parser.go:290.2,290.26 1 1
github.com/essenius/slim4go/internal/slimprocessor/Parser.go:283.17,285.3 1 1
github.com/essenius/slim4go/internal/slimprocessor/Parser.go:287.17,289.3 1 1
github.com/essenius/slim4go/internal/slimprocessor/Parser.go:293.70,294.62 1 1
github.com/essenius/slim4go/internal/slimprocessor/Parser.go:297.2,297.63 1 1
github.com/essenius/slim4go/internal/slimprocessor/Parser.go:300.2,300.61 1 1
github.com/essenius/slim4go/internal/slimprocessor/Parser.go:303.2,303.57 1 1
github.com/essenius/slim4go/internal/slimprocessor/Parser.go:306.2,306.14 1 1
github.com/essenius/slim4go/internal/slimprocessor/Parser.go:294.62,296.3 1 1
github.com/essenius/slim4go/internal/slimprocessor/Parser.go:297.63,299.3 1 1
github.com/essenius/slim4go/internal/slimprocessor/Parser.go:300.61,302.3 1 1
github.com/essenius/slim4go/internal/slimprocessor/Parser.go:303.57,305.3 1 1
github.com/essenius/slim4go/internal/slimprocessor/SlimProcessor.go:31.43,33.2 1 1
github.com/essenius/slim4go/internal/slimprocessor/SlimProcessor.go:35.91,40.2 4 1
github.com/essenius/slim4go/internal/slimprocessor/SlimProcessor.go:44.75,47.2 2 1
github.com/essenius/slim4go/internal/slimprocessor/SlimProcessor.go:49.59,50.40 1 1
github.com/essenius/slim4go/internal/slimprocessor/SlimProcessor.go:53.2,53.64 1 0
github.com/essenius/slim4go/internal/slimprocessor/SlimProcessor.go:50.40,52.3 1 1
github.com/essenius/slim4go/internal/slimprocessor/SlimProcessor.go:58.102,60.17 2 1
github.com/essenius/slim4go/internal/slimprocessor/SlimProcessor.go:61.16,62.45 1 1
github.com/essenius/slim4go/internal/slimprocessor/SlimProcessor.go:63.14,64.53 1 1
github.com/essenius/slim4go/internal/slimprocessor/SlimProcessor.go:65.23,66.51 1 1
github.com/essenius/slim4go/internal/slimprocessor/SlimProcessor.go:67.16,68.45 1 1
github.com/essenius/slim4go/internal/slimprocessor/SlimProcessor.go:69.14,70.43 1 1
github.com/essenius/slim4go/internal/slimprocessor/SlimProcessor.go:71.10,72.43 1 1
github.com/essenius/slim4go/internal/slimprocessor/SlimProcessor.go:76.113,79.12 3 1
github.com/essenius/slim4go/internal/slimprocessor/SlimProcessor.go:83.2,83.9 1 1
github.com/essenius/slim4go/internal/slimprocessor/SlimProcessor.go:79.12,82.3 2 1
github.com/essenius/slim4go/internal/slimprocessor/SlimProcessor.go:84.33,86.16 2 1
github.com/essenius/slim4go/internal/slimprocessor/SlimProcessor.go:87.28,88.54 1 1
github.com/essenius/slim4go/internal/slimprocessor/SlimProcessor.go:92.87,93.30 1 1
github.com/essenius/slim4go/internal/slimprocessor/SlimProcessor.go:96.2,99.26 4 1
github.com/essenius/slim4go/internal/slimprocessor/SlimProcessor.go:93.30,95.3 1 1
github.com/essenius/slim4go/internal/slimprocessor/SlimProcessor.go:107.115,108.38 1 1
github.com/essenius/slim4go/internal/slimprocessor/SlimProcessor.go:111.2,113.25 3 1
github.com/essenius/slim4go/internal/slimprocessor/SlimProcessor.go:117.2,121.25 5 1
github.com/essenius/slim4go/internal/slimprocessor/SlimProcessor.go:124.2,124.35 1 1
github.com/essenius/slim4go/internal/slimprocessor/SlimProcessor.go:108.38,110.3 1 1
github.com/essenius/slim4go/internal/slimprocessor/SlimProcessor.go:113.25,116.3 2 1
github.com/essenius/slim4go/internal/slimprocessor/SlimProcessor.go:121.25,123.3 1 1
github.com/essenius/slim4go/internal/slimprocessor/SlimProcessor.go:127.102,128.30 1 1
github.com/essenius/slim4go/internal/slimprocessor/SlimProcessor.go:131.2,132.51 2 1
github.com/essenius/slim4go/internal/slimprocessor/SlimProcessor.go:128.30,130.3 1 1
github.com/essenius/slim4go/internal/slimprocessor/SlimProcessor.go:135.100,136.30 1 1
github.com/essenius/slim4go/internal/slimprocessor/SlimProcessor.go:139.2,142.72 4 1
github.com/essenius/slim4go/internal/slimprocessor/SlimProcessor.go:136.30,138.3 1 1
github.com/essenius/slim4go/internal/slimprocessor/SlimProcessor.go:146.101,148.44 2 1
github.com/essenius/slim4go/internal/slimprocessor/SlimProcessor.go:166.2,166.16 1 1
github.com/essenius/slim4go/internal/slimprocessor/SlimProcessor.go:148.44,149.41 1 1
github.com/essenius/slim4go/internal/slimprocessor/SlimProcessor.go:149.41,151.37 2 1
github.com/essenius/slim4go/internal/slimprocessor/SlimProcessor.go:151.37,153.5 1 1
github.com/essenius/slim4go/internal/slimprocessor/SlimProcessor.go:153.10,155.38 2 1
github.com/essenius/slim4go/internal/slimprocessor/SlimProcessor.go:155.38,157.6 1 1
github.com/essenius/slim4go/internal/slimprocessor/SlimProcessor.go:157.11,160.6 2 1
github.com/essenius/slim4go/internal/slimprocessor/SlimProcessor.go:162.9,164.4 1 0
github.com/essenius/slim4go/internal/slimprocessor/StandardLibrary.go:33.99,39.2 5 1
github.com/essenius/slim4go/internal/slimprocessor/StandardLibrary.go:44.84,46.38 2 1
github.com/essenius/slim4go/internal/slimprocessor/StandardLibrary.go:53.2,53.31 1 1
github.com/essenius/slim4go/internal/slimprocessor/StandardLibrary.go:46.38,52.3 5 1
github.com/essenius/slim4go/internal/slimprocessor/StandardLibrary.go:58.77,60.2 1 1
github.com/essenius/slim4go/internal/slimprocessor/StandardLibrary.go:63.66,66.2 2 1
github.com/essenius/slim4go/internal/slimprocessor/StandardLibrary.go:69.76,71.20 2 1
github.com/essenius/slim4go/internal/slimprocessor/StandardLibrary.go:74.2,74.52 1 1
github.com/essenius/slim4go/internal/slimprocessor/StandardLibrary.go:71.20,73.3 1 1
github.com/essenius/slim4go/internal/slimprocessor/StandardLibrary.go:78.77,83.2 4 1
github.com/essenius/slim4go/internal/slimprocessor/StatementProcessor.go:33.53,35.2 1 0
github.com/essenius/slim4go/internal/slimprocessor/StatementProcessor.go:58.52,63.2 4 1
github.com/essenius/slim4go/internal/slimprocessor/StatementProcessor.go:65.155,73.2 7 1
github.com/essenius/slim4go/internal/slimprocessor/StatementProcessor.go:77.63,79.2 1 1
github.com/essenius/slim4go/internal/slimprocessor/StatementProcessor.go:81.65,83.2 1 1
github.com/essenius/slim4go/internal/slimprocessor/StatementProcessor.go:85.63,87.2 1 1
github.com/essenius/slim4go/internal/slimprocessor/StatementProcessor.go:89.65,91.2 1 1
github.com/essenius/slim4go/internal/slimprocessor/StatementProcessor.go:93.71,95.2 1 1
github.com/essenius/slim4go/internal/slimprocessor/StatementProcessor.go:115.152,121.23 4 1
github.com/essenius/slim4go/internal/slimprocessor/StatementProcessor.go:125.2,125.82 1 1
github.com/essenius/slim4go/internal/slimprocessor/StatementProcessor.go:121.23,123.3 1 1
github.com/essenius/slim4go/internal/slimprocessor/StatementProcessor.go:128.91,131.21 2 1
github.com/essenius/slim4go/internal/slimprocessor/StatementProcessor.go:134.2,134.54 1 1
github.com/essenius/slim4go/internal/slimprocessor/StatementProcessor.go:131.21,133.3 1 1
github.com/essenius/slim4go/internal/slimprocessor/StatementProcessor.go:139.131,142.19 3 1
github.com/essenius/slim4go/internal/slimprocessor/StatementProcessor.go:149.2,149.40 1 1
github.com/essenius/slim4go/internal/slimprocessor/StatementProcessor.go:153.2,154.37 2 1
github.com/essenius/slim4go/internal/slimprocessor/StatementProcessor.go:160.2,160.49 1 1
github.com/essenius/slim4go/internal/slimprocessor/StatementProcessor.go:165.2,165.86 1 1
github.com/essenius/slim4go/internal/slimprocessor/StatementProcessor.go:142.19,145.17 3 1
github.com/essenius/slim4go/internal/slimprocessor/StatementProcessor.go:145.17,147.4 1 1
github.com/essenius/slim4go/internal/slimprocessor/StatementProcessor.go:149.40,151.3 1 1
github.com/essenius/slim4go/internal/slimprocessor/StatementProcessor.go:154.37,156.17 2 1
github.com/essenius/slim4go/internal/slimprocessor/StatementProcessor.go:156.17,158.4 1 1
github.com/essenius/slim4go/internal/slimprocessor/StatementProcessor.go:160.49,161.39 1 1
github.com/essenius/slim4go/internal/slimprocessor/StatementProcessor.go:161.39,163.4 1 1
github.com/essenius/slim4go/internal/slimprocessor/StatementProcessor.go:168.87,170.2 1 0
github.com/essenius/slim4go/internal/slimprocessor/StatementProcessor.go:172.132,174.72 1 1
github.com/essenius/slim4go/internal/slimprocessor/StatementProcessor.go:191.2,191.26 1 1
github.com/essenius/slim4go/internal/slimprocessor/StatementProcessor.go:174.72,176.3 1 1
github.com/essenius/slim4go/internal/slimprocessor/StatementProcessor.go:176.8,179.22 3 1
github.com/essenius/slim4go/internal/slimprocessor/StatementProcessor.go:182.3,185.17 3 1
github.com/essenius/slim4go/internal/slimprocessor/StatementProcessor.go:189.3,189.107 1 1
github.com/essenius/slim4go/internal/slimprocessor/StatementProcessor.go:179.22,181.4 1 1
github.com/essenius/slim4go/internal/slimprocessor/StatementProcessor.go:185.17,188.4 2 1
github.com/essenius/slim4go/internal/slimprocessor/StatementProcessor.go:194.86,196.2 1 1
github.com/essenius/slim4go/internal/utilities/Utilities.go:17.48,18.36 1 1
github.com/essenius/slim4go/internal/utilities/Utilities.go:21.2,21.35 1 1
github.com/essenius/slim4go/internal/utilities/Utilities.go:18.36,20.3 1 1
github.com/essenius/slim4go/internal/slimserver/SlimPipe.go:28.111,35.2 6 1
github.com/essenius/slim4go/internal/slimserver/SlimPipe.go:38.38,41.2 2 1
github.com/essenius/slim4go/internal/slimserver/SlimPipe.go:44.57,47.2 2 1
github.com/essenius/slim4go/internal/slimserver/SlimPipe.go:50.56,53.12 3 1
github.com/essenius/slim4go/internal/slimserver/SlimPipe.go:63.2,63.9 1 1
github.com/essenius/slim4go/internal/slimserver/SlimPipe.go:53.12,55.17 2 1
github.com/essenius/slim4go/internal/slimserver/SlimPipe.go:60.3,61.22 2 1
github.com/essenius/slim4go/internal/slimserver/SlimPipe.go:55.17,57.4 1 1
github.com/essenius/slim4go/internal/slimserver/SlimPipe.go:57.9,59.4 1 1
github.com/essenius/slim4go/internal/slimserver/SlimPipe.go:64.31,65.20 1 1
github.com/essenius/slim4go/internal/slimserver/SlimPipe.go:66.27,67.16 1 1
github.com/essenius/slim4go/internal/slimserver/SlimPipe.go:68.34,69.53 1 1
github.com/essenius/slim4go/internal/slimserver/SlimServer.go:33.37,34.31 1 1
github.com/essenius/slim4go/internal/slimserver/SlimServer.go:37.2,37.27 1 1
github.com/essenius/slim4go/internal/slimserver/SlimServer.go:34.31,36.3 1 1
github.com/essenius/slim4go/internal/slimserver/SlimServer.go:40.133,46.2 5 1
github.com/essenius/slim4go/internal/slimserver/SlimServer.go:49.41,51.52 1 1
github.com/essenius/slim4go/internal/slimserver/SlimServer.go:55.2,55.79 1 1
github.com/essenius/slim4go/internal/slimserver/SlimServer.go:59.2,59.6 1 1
github.com/essenius/slim4go/internal/slimserver/SlimServer.go:51.52,53.3 1 1
github.com/essenius/slim4go/internal/slimserver/SlimServer.go:55.79,57.3 1 1
github.com/essenius/slim4go/internal/slimserver/SlimServer.go:59.6,62.18 3 1
github.com/essenius/slim4go/internal/slimserver/SlimServer.go:66.3,68.38 3 1
github.com/essenius/slim4go/internal/slimserver/SlimServer.go:74.3,77.51 4 1
github.com/essenius/slim4go/internal/slimserver/SlimServer.go:62.18,65.4 2 1
github.com/essenius/slim4go/internal/slimserver/SlimServer.go:68.38,69.46 1 1
github.com/essenius/slim4go/internal/slimserver/SlimServer.go:72.4,72.76 1 1
github.com/essenius/slim4go/internal/slimserver/SlimServer.go:69.46,71.5 1 1
github.com/essenius/slim4go/internal/slimserver/SlimServer.go:82.88,84.2 1 1
github.com/essenius/slim4go/internal/slimserver/SlimSocket.go:33.89,34.27 1 1
github.com/essenius/slim4go/internal/slimserver/SlimSocket.go:37.2,40.23 4 1
github.com/essenius/slim4go/internal/slimserver/SlimSocket.go:34.27,36.3 1 1
github.com/essenius/slim4go/internal/slimserver/SlimSocket.go:43.77,45.16 2 1
github.com/essenius/slim4go/internal/slimserver/SlimSocket.go:51.2,51.16 1 1
github.com/essenius/slim4go/internal/slimserver/SlimSocket.go:45.16,50.3 4 1
github.com/essenius/slim4go/internal/slimserver/SlimSocket.go:55.42,60.17 5 1
github.com/essenius/slim4go/internal/slimserver/SlimSocket.go:73.2,73.13 1 1
github.com/essenius/slim4go/internal/slimserver/SlimSocket.go:60.17,64.10 4 1
github.com/essenius/slim4go/internal/slimserver/SlimSocket.go:65.29,67.15 2 1
github.com/essenius/slim4go/internal/slimserver/SlimSocket.go:68.24,70.78 2 1
github.com/essenius/slim4go/internal/slimserver/SlimSocket.go:77.60,81.2 3 1
github.com/essenius/slim4go/internal/slimserver/SlimSocket.go:84.61,90.2 3 1
github.com/essenius/slim4go/internal/slimserver/slimMessenger.go:31.38,35.2 3 1
github.com/essenius/slim4go/internal/slimserver/slimMessenger.go:37.70,41.18 3 1
github.com/essenius/slim4go/internal/slimserver/slimMessenger.go:48.2,48.18 1 1
github.com/essenius/slim4go/internal/slimserver/slimMessenger.go:41.18,44.3 2 1
github.com/essenius/slim4go/internal/slimserver/slimMessenger.go:44.8,47.3 2 1
