mode: set
github.com/essenius/slim4go/internal/slimprocessor/StandardLibrary.go:33.99,39.2 5 1
github.com/essenius/slim4go/internal/slimprocessor/StandardLibrary.go:44.84,46.38 2 1
github.com/essenius/slim4go/internal/slimprocessor/StandardLibrary.go:53.2,53.31 1 1
github.com/essenius/slim4go/internal/slimprocessor/StandardLibrary.go:46.38,52.3 5 1
github.com/essenius/slim4go/internal/slimprocessor/StandardLibrary.go:58.77,60.2 1 1
github.com/essenius/slim4go/internal/slimprocessor/StandardLibrary.go:63.66,66.2 2 1
github.com/essenius/slim4go/internal/slimprocessor/StandardLibrary.go:69.76,71.20 2 1
github.com/essenius/slim4go/internal/slimprocessor/StandardLibrary.go:74.2,74.52 1 1
github.com/essenius/slim4go/internal/slimprocessor/StandardLibrary.go:71.20,73.3 1 1
github.com/essenius/slim4go/internal/slimprocessor/StandardLibrary.go:78.77,83.2 4 1
github.com/essenius/slim4go/internal/slimprocessor/StatementProcessor.go:33.53,35.2 1 0
github.com/essenius/slim4go/internal/slimprocessor/StatementProcessor.go:58.52,63.2 4 1
github.com/essenius/slim4go/internal/slimprocessor/StatementProcessor.go:65.155,73.2 7 1
github.com/essenius/slim4go/internal/slimprocessor/StatementProcessor.go:77.63,79.2 1 1
github.com/essenius/slim4go/internal/slimprocessor/StatementProcessor.go:81.65,83.2 1 1
github.com/essenius/slim4go/internal/slimprocessor/StatementProcessor.go:85.63,87.2 1 1
github.com/essenius/slim4go/internal/slimprocessor/StatementProcessor.go:89.65,91.2 1 1
github.com/essenius/slim4go/internal/slimprocessor/StatementProcessor.go:93.71,95.2 1 1
github.com/essenius/slim4go/internal/slimprocessor/StatementProcessor.go:115.152,121.23 4 1
github.com/essenius/slim4go/internal/slimprocessor/StatementProcessor.go:125.2,125.82 1 1
github.com/essenius/slim4go/internal/slimprocessor/StatementProcessor.go:121.23,123.3 1 1
github.com/essenius/slim4go/internal/slimprocessor/StatementProcessor.go:128.91,131.21 2 1
github.com/essenius/slim4go/internal/slimprocessor/StatementProcessor.go:134.2,134.54 1 1
github.com/essenius/slim4go/internal/slimprocessor/StatementProcessor.go:131.21,133.3 1 1
github.com/essenius/slim4go/internal/slimprocessor/StatementProcessor.go:139.131,142.19 3 1
github.com/essenius/slim4go/internal/slimprocessor/StatementProcessor.go:149.2,149.40 1 1
github.com/essenius/slim4go/internal/slimprocessor/StatementProcessor.go:153.2,154.37 2 1
github.com/essenius/slim4go/internal/slimprocessor/StatementProcessor.go:160.2,160.49 1 1
github.com/essenius/slim4go/internal/slimprocessor/StatementProcessor.go:165.2,165.86 1 1
github.com/essenius/slim4go/internal/slimprocessor/StatementProcessor.go:142.19,145.17 3 1
github.com/essenius/slim4go/internal/slimprocessor/StatementProcessor.go:145.17,147.4 1 1
github.com/essenius/slim4go/internal/slimprocessor/StatementProcessor.go:149.40,151.3 1 1
github.com/essenius/slim4go/internal/slimprocessor/StatementProcessor.go:154.37,156.17 2 1
github.com/essenius/slim4go/internal/slimprocessor/StatementProcessor.go:156.17,158.4 1 1
github.com/essenius/slim4go/internal/slimprocessor/StatementProcessor.go:160.49,161.39 1 1
github.com/essenius/slim4go/internal/slimprocessor/StatementProcessor.go:161.39,163.4 1 1
github.com/essenius/slim4go/internal/slimprocessor/StatementProcessor.go:168.87,170.2 1 0
github.com/essenius/slim4go/internal/slimprocessor/StatementProcessor.go:172.132,174.72 1 1
github.com/essenius/slim4go/internal/slimprocessor/StatementProcessor.go:191.2,191.26 1 1
github.com/essenius/slim4go/internal/slimprocessor/StatementProcessor.go:174.72,176.3 1 1
github.com/essenius/slim4go/internal/slimprocessor/StatementProcessor.go:176.8,179.22 3 1
github.com/essenius/slim4go/internal/slimprocessor/StatementProcessor.go:182.3,185.17 3 1
github.com/essenius/slim4go/internal/slimprocessor/StatementProcessor.go:189.3,189.107 1 1
github.com/essenius/slim4go/internal/slimprocessor/StatementProcessor.go:179.22,181.4 1 1
github.com/essenius/slim4go/internal/slimprocessor/StatementProcessor.go:185.17,188.4 2 1
github.com/essenius/slim4go/internal/slimprocessor/StatementProcessor.go:194.86,196.2 1 1
github.com/essenius/slim4go/internal/slimprocessor/SymbolTable.go:26.39,28.2 1 1
github.com/essenius/slim4go/internal/slimprocessor/SymbolTable.go:30.36,33.2 2 1
github.com/essenius/slim4go/internal/slimprocessor/SymbolTable.go:39.63,42.2 2 1
github.com/essenius/slim4go/internal/slimprocessor/SymbolTable.go:44.67,47.2 2 1
github.com/essenius/slim4go/internal/slimprocessor/SymbolTable.go:49.82,50.39 1 1
github.com/essenius/slim4go/internal/slimprocessor/SymbolTable.go:58.2,58.19 1 1
github.com/essenius/slim4go/internal/slimprocessor/SymbolTable.go:50.39,52.9 2 1
github.com/essenius/slim4go/internal/slimprocessor/SymbolTable.go:52.9,53.54 1 1
github.com/essenius/slim4go/internal/slimprocessor/SymbolTable.go:53.54,55.5 1 1
github.com/essenius/slim4go/internal/slimprocessor/SymbolTable.go:61.68,64.2 2 1
github.com/essenius/slim4go/internal/slimprocessor/SymbolTable.go:66.76,67.35 1 1
github.com/essenius/slim4go/internal/slimprocessor/SymbolTable.go:75.2,75.50 1 1
github.com/essenius/slim4go/internal/slimprocessor/SymbolTable.go:67.35,70.37 3 1
github.com/essenius/slim4go/internal/slimprocessor/SymbolTable.go:73.3,73.16 1 1
github.com/essenius/slim4go/internal/slimprocessor/SymbolTable.go:70.37,72.4 1 1
github.com/essenius/slim4go/internal/slimprocessor/SymbolTable.go:78.68,79.56 1 1
github.com/essenius/slim4go/internal/slimprocessor/SymbolTable.go:86.2,86.19 1 1
github.com/essenius/slim4go/internal/slimprocessor/SymbolTable.go:79.56,81.33 2 1
github.com/essenius/slim4go/internal/slimprocessor/SymbolTable.go:84.3,84.30 1 1
github.com/essenius/slim4go/internal/slimprocessor/SymbolTable.go:81.33,83.4 1 1
github.com/essenius/slim4go/internal/slimprocessor/SymbolTable.go:89.79,90.39 1 1
github.com/essenius/slim4go/internal/slimprocessor/SymbolTable.go:94.2,94.54 1 1
github.com/essenius/slim4go/internal/slimprocessor/SymbolTable.go:90.39,93.3 2 1
github.com/essenius/slim4go/internal/slimprocessor/SymbolTable.go:97.76,100.2 2 1
github.com/essenius/slim4go/internal/slimprocessor/Actor.go:16.33,18.2 1 1
github.com/essenius/slim4go/internal/slimprocessor/Actor.go:22.34,25.2 2 1
github.com/essenius/slim4go/internal/slimprocessor/Actor.go:29.46,31.17 2 1
github.com/essenius/slim4go/internal/slimprocessor/Actor.go:34.2,34.21 1 1
github.com/essenius/slim4go/internal/slimprocessor/Actor.go:31.17,33.3 1 1
github.com/essenius/slim4go/internal/slimprocessor/Actor.go:37.40,39.2 1 1
github.com/essenius/slim4go/internal/slimprocessor/Actor.go:41.45,43.20 2 1
github.com/essenius/slim4go/internal/slimprocessor/Actor.go:46.2,47.16 2 1
github.com/essenius/slim4go/internal/slimprocessor/Actor.go:43.20,45.3 1 1
github.com/essenius/slim4go/internal/slimprocessor/Actor.go:50.54,52.2 1 1
github.com/essenius/slim4go/internal/slimprocessor/Fixture.go:29.71,34.2 4 1
github.com/essenius/slim4go/internal/slimprocessor/Fixture.go:42.35,43.28 1 1
github.com/essenius/slim4go/internal/slimprocessor/Fixture.go:47.2,47.24 1 1
github.com/essenius/slim4go/internal/slimprocessor/Fixture.go:43.28,46.3 2 1
github.com/essenius/slim4go/internal/slimprocessor/Fixture.go:52.71,55.2 2 1
github.com/essenius/slim4go/internal/slimprocessor/Fixture.go:58.90,61.2 2 1
github.com/essenius/slim4go/internal/slimprocessor/Fixture.go:74.87,80.2 5 1
github.com/essenius/slim4go/internal/slimprocessor/Fixture.go:82.32,85.2 2 1
github.com/essenius/slim4go/internal/slimprocessor/Fixture.go:87.33,89.2 1 1
github.com/essenius/slim4go/internal/slimprocessor/Fixture.go:93.47,94.33 1 1
github.com/essenius/slim4go/internal/slimprocessor/Fixture.go:97.2,97.12 1 1
github.com/essenius/slim4go/internal/slimprocessor/Fixture.go:94.33,96.3 1 1
github.com/essenius/slim4go/internal/slimprocessor/Fixture.go:100.100,103.2 2 1
github.com/essenius/slim4go/internal/slimprocessor/Fixture.go:105.40,107.2 1 1
github.com/essenius/slim4go/internal/slimprocessor/Fixture.go:109.68,112.2 2 1
github.com/essenius/slim4go/internal/slimprocessor/Fixture.go:114.71,116.36 2 1
github.com/essenius/slim4go/internal/slimprocessor/Fixture.go:121.2,121.15 1 1
github.com/essenius/slim4go/internal/slimprocessor/Fixture.go:116.36,117.55 1 1
github.com/essenius/slim4go/internal/slimprocessor/Fixture.go:117.55,119.4 1 1
github.com/essenius/slim4go/internal/slimprocessor/Fixture.go:124.94,126.21 2 1
github.com/essenius/slim4go/internal/slimprocessor/Fixture.go:129.2,130.12 2 1
github.com/essenius/slim4go/internal/slimprocessor/Fixture.go:126.21,128.3 1 1
github.com/essenius/slim4go/internal/slimprocessor/FunctionCaller.go:27.57,31.2 3 1
github.com/essenius/slim4go/internal/slimprocessor/FunctionCaller.go:33.65,39.2 5 1
github.com/essenius/slim4go/internal/slimprocessor/FunctionCaller.go:43.48,46.2 2 1
github.com/essenius/slim4go/internal/slimprocessor/FunctionCaller.go:48.46,50.2 1 1
github.com/essenius/slim4go/internal/slimprocessor/FunctionCaller.go:52.73,53.67 1 1
github.com/essenius/slim4go/internal/slimprocessor/FunctionCaller.go:56.2,56.34 1 1
github.com/essenius/slim4go/internal/slimprocessor/FunctionCaller.go:53.67,55.3 1 1
github.com/essenius/slim4go/internal/slimprocessor/FunctionCaller.go:59.70,63.30 3 1
github.com/essenius/slim4go/internal/slimprocessor/FunctionCaller.go:67.2,67.35 1 1
github.com/essenius/slim4go/internal/slimprocessor/FunctionCaller.go:63.30,66.3 2 1
github.com/essenius/slim4go/internal/slimprocessor/FunctionCaller.go:70.76,71.34 1 1
github.com/essenius/slim4go/internal/slimprocessor/FunctionCaller.go:79.2,80.26 2 1
github.com/essenius/slim4go/internal/slimprocessor/FunctionCaller.go:83.2,83.14 1 1
github.com/essenius/slim4go/internal/slimprocessor/FunctionCaller.go:71.34,74.31 3 1
github.com/essenius/slim4go/internal/slimprocessor/FunctionCaller.go:77.3,77.16 1 1
github.com/essenius/slim4go/internal/slimprocessor/FunctionCaller.go:74.31,76.4 1 1
github.com/essenius/slim4go/internal/slimprocessor/FunctionCaller.go:80.26,82.3 1 1
github.com/essenius/slim4go/internal/slimprocessor/FunctionCaller.go:87.76,89.16 2 1
github.com/essenius/slim4go/internal/slimprocessor/FunctionCaller.go:92.2,92.16 1 1
github.com/essenius/slim4go/internal/slimprocessor/FunctionCaller.go:95.2,96.44 2 1
github.com/essenius/slim4go/internal/slimprocessor/FunctionCaller.go:99.2,99.19 1 1
github.com/essenius/slim4go/internal/slimprocessor/FunctionCaller.go:89.16,91.3 1 1
github.com/essenius/slim4go/internal/slimprocessor/FunctionCaller.go:92.16,94.3 1 1
github.com/essenius/slim4go/internal/slimprocessor/FunctionCaller.go:96.44,98.3 1 1
github.com/essenius/slim4go/internal/slimprocessor/FunctionCaller.go:102.72,103.27 1 1
github.com/essenius/slim4go/internal/slimprocessor/FunctionCaller.go:107.2,107.41 1 1
github.com/essenius/slim4go/internal/slimprocessor/FunctionCaller.go:110.2,110.26 1 1
github.com/essenius/slim4go/internal/slimprocessor/FunctionCaller.go:114.2,114.27 1 1
github.com/essenius/slim4go/internal/slimprocessor/FunctionCaller.go:103.27,105.3 1 1
github.com/essenius/slim4go/internal/slimprocessor/FunctionCaller.go:107.41,109.3 1 1
github.com/essenius/slim4go/internal/slimprocessor/FunctionCaller.go:110.26,112.3 1 1
github.com/essenius/slim4go/internal/slimprocessor/FunctionCaller.go:115.38,117.46 1 1
github.com/essenius/slim4go/internal/slimprocessor/FunctionCaller.go:119.36,121.41 2 1
github.com/essenius/slim4go/internal/slimprocessor/FunctionCaller.go:125.3,125.16 1 1
github.com/essenius/slim4go/internal/slimprocessor/FunctionCaller.go:127.19,132.23 5 1
github.com/essenius/slim4go/internal/slimprocessor/FunctionCaller.go:135.3,135.44 1 1
github.com/essenius/slim4go/internal/slimprocessor/FunctionCaller.go:136.10,137.36 1 1
github.com/essenius/slim4go/internal/slimprocessor/FunctionCaller.go:121.41,124.4 2 1
github.com/essenius/slim4go/internal/slimprocessor/FunctionCaller.go:132.23,134.4 1 1
github.com/essenius/slim4go/internal/slimprocessor/FunctionCaller.go:143.163,145.16 2 1
github.com/essenius/slim4go/internal/slimprocessor/FunctionCaller.go:149.2,149.15 1 1
github.com/essenius/slim4go/internal/slimprocessor/FunctionCaller.go:155.2,156.46 2 1
github.com/essenius/slim4go/internal/slimprocessor/FunctionCaller.go:145.16,147.3 1 1
github.com/essenius/slim4go/internal/slimprocessor/FunctionCaller.go:149.15,150.47 1 1
github.com/essenius/slim4go/internal/slimprocessor/FunctionCaller.go:150.47,153.4 2 1
github.com/essenius/slim4go/internal/slimprocessor/FunctionCaller.go:159.112,162.39 3 1
github.com/essenius/slim4go/internal/slimprocessor/FunctionCaller.go:165.2,167.29 3 1
github.com/essenius/slim4go/internal/slimprocessor/FunctionCaller.go:172.2,172.22 1 1
github.com/essenius/slim4go/internal/slimprocessor/FunctionCaller.go:175.2,175.41 1 1
github.com/essenius/slim4go/internal/slimprocessor/FunctionCaller.go:183.2,183.21 1 1
github.com/essenius/slim4go/internal/slimprocessor/FunctionCaller.go:162.39,164.3 1 1
github.com/essenius/slim4go/internal/slimprocessor/FunctionCaller.go:167.29,169.3 1 1
github.com/essenius/slim4go/internal/slimprocessor/FunctionCaller.go:169.8,171.3 1 1
github.com/essenius/slim4go/internal/slimprocessor/FunctionCaller.go:172.22,174.3 1 1
github.com/essenius/slim4go/internal/slimprocessor/FunctionCaller.go:175.41,178.17 3 1
github.com/essenius/slim4go/internal/slimprocessor/FunctionCaller.go:181.3,181.56 1 1
github.com/essenius/slim4go/internal/slimprocessor/FunctionCaller.go:178.17,180.4 1 1
github.com/essenius/slim4go/internal/slimprocessor/Parser.go:35.46,39.2 3 1
github.com/essenius/slim4go/internal/slimprocessor/Parser.go:43.52,45.2 1 1
github.com/essenius/slim4go/internal/slimprocessor/Parser.go:47.55,52.39 5 1
github.com/essenius/slim4go/internal/slimprocessor/Parser.go:55.2,55.6 1 1
github.com/essenius/slim4go/internal/slimprocessor/Parser.go:52.39,54.3 1 1
github.com/essenius/slim4go/internal/slimprocessor/Parser.go:55.6,57.20 2 1
github.com/essenius/slim4go/internal/slimprocessor/Parser.go:58.24,59.20 1 1
github.com/essenius/slim4go/internal/slimprocessor/Parser.go:62.4,62.33 1 1
github.com/essenius/slim4go/internal/slimprocessor/Parser.go:65.4,65.33 1 0
github.com/essenius/slim4go/internal/slimprocessor/Parser.go:66.27,67.66 1 1
github.com/essenius/slim4go/internal/slimprocessor/Parser.go:75.25,76.66 1 1
github.com/essenius/slim4go/internal/slimprocessor/Parser.go:59.20,61.5 1 1
github.com/essenius/slim4go/internal/slimprocessor/Parser.go:62.33,64.5 1 1
github.com/essenius/slim4go/internal/slimprocessor/Parser.go:67.66,69.34 2 1
github.com/essenius/slim4go/internal/slimprocessor/Parser.go:69.34,73.6 3 1
github.com/essenius/slim4go/internal/slimprocessor/Parser.go:76.66,77.21 1 1
github.com/essenius/slim4go/internal/slimprocessor/Parser.go:77.21,80.6 2 1
github.com/essenius/slim4go/internal/slimprocessor/Parser.go:86.54,88.61 2 1
github.com/essenius/slim4go/internal/slimprocessor/Parser.go:91.2,91.47 1 1
github.com/essenius/slim4go/internal/slimprocessor/Parser.go:88.61,90.3 1 1
github.com/essenius/slim4go/internal/slimprocessor/Parser.go:94.60,97.2 2 1
github.com/essenius/slim4go/internal/slimprocessor/Parser.go:99.69,101.29 2 1
github.com/essenius/slim4go/internal/slimprocessor/Parser.go:111.2,111.72 1 1
github.com/essenius/slim4go/internal/slimprocessor/Parser.go:101.29,102.34 1 1
github.com/essenius/slim4go/internal/slimprocessor/Parser.go:105.3,105.18 1 1
github.com/essenius/slim4go/internal/slimprocessor/Parser.go:102.34,104.4 1 1
github.com/essenius/slim4go/internal/slimprocessor/Parser.go:105.18,107.4 1 1
github.com/essenius/slim4go/internal/slimprocessor/Parser.go:107.9,107.25 1 1
github.com/essenius/slim4go/internal/slimprocessor/Parser.go:107.25,109.4 1 1
github.com/essenius/slim4go/internal/slimprocessor/Parser.go:116.90,117.34 1 1
github.com/essenius/slim4go/internal/slimprocessor/Parser.go:121.2,121.65 1 1
github.com/essenius/slim4go/internal/slimprocessor/Parser.go:129.2,131.90 3 1
github.com/essenius/slim4go/internal/slimprocessor/Parser.go:136.2,136.30 1 1
github.com/essenius/slim4go/internal/slimprocessor/Parser.go:139.2,139.27 1 1
github.com/essenius/slim4go/internal/slimprocessor/Parser.go:117.34,120.3 2 1
github.com/essenius/slim4go/internal/slimprocessor/Parser.go:121.65,122.59 1 1
github.com/essenius/slim4go/internal/slimprocessor/Parser.go:125.3,125.127 1 1
github.com/essenius/slim4go/internal/slimprocessor/Parser.go:122.59,124.4 1 1
github.com/essenius/slim4go/internal/slimprocessor/Parser.go:131.90,133.3 1 1
github.com/essenius/slim4go/internal/slimprocessor/Parser.go:136.30,138.3 1 1
github.com/essenius/slim4go/internal/slimprocessor/Parser.go:140.19,141.53 1 1
github.com/essenius/slim4go/internal/slimprocessor/Parser.go:142.21,144.21 2 1
github.com/essenius/slim4go/internal/slimprocessor/Parser.go:145.19,146.45 1 1
github.com/essenius/slim4go/internal/slimprocessor/Parser.go:147.10,148.94 1 1
github.com/essenius/slim4go/internal/slimprocessor/Parser.go:155.96,157.37 2 1
github.com/essenius/slim4go/internal/slimprocessor/Parser.go:163.2,164.27 2 1
github.com/essenius/slim4go/internal/slimprocessor/Parser.go:178.2,178.81 1 1
github.com/essenius/slim4go/internal/slimprocessor/Parser.go:157.37,159.3 1 1
github.com/essenius/slim4go/internal/slimprocessor/Parser.go:159.8,162.3 1 1
github.com/essenius/slim4go/internal/slimprocessor/Parser.go:164.27,166.17 2 1
github.com/essenius/slim4go/internal/slimprocessor/Parser.go:172.3,172.38 1 1
github.com/essenius/slim4go/internal/slimprocessor/Parser.go:176.3,176.45 1 1
github.com/essenius/slim4go/internal/slimprocessor/Parser.go:166.17,168.4 1 0
github.com/essenius/slim4go/internal/slimprocessor/Parser.go:172.38,174.4 1 1
github.com/essenius/slim4go/internal/slimprocessor/Parser.go:183.93,185.16 2 1
github.com/essenius/slim4go/internal/slimprocessor/Parser.go:188.2,190.29 3 1
github.com/essenius/slim4go/internal/slimprocessor/Parser.go:204.2,204.37 1 1
github.com/essenius/slim4go/internal/slimprocessor/Parser.go:185.16,187.3 1 1
github.com/essenius/slim4go/internal/slimprocessor/Parser.go:190.29,191.20 1 1
github.com/essenius/slim4go/internal/slimprocessor/Parser.go:194.3,196.69 3 1
github.com/essenius/slim4go/internal/slimprocessor/Parser.go:199.3,199.72 1 1
github.com/essenius/slim4go/internal/slimprocessor/Parser.go:202.3,202.72 1 1
github.com/essenius/slim4go/internal/slimprocessor/Parser.go:191.20,193.4 1 1
github.com/essenius/slim4go/internal/slimprocessor/Parser.go:196.69,198.4 1 1
github.com/essenius/slim4go/internal/slimprocessor/Parser.go:199.72,201.4 1 1
github.com/essenius/slim4go/internal/slimprocessor/Parser.go:209.108,212.27 3 1
github.com/essenius/slim4go/internal/slimprocessor/Parser.go:226.2,226.16 1 1
github.com/essenius/slim4go/internal/slimprocessor/Parser.go:229.2,229.97 1 1
github.com/essenius/slim4go/internal/slimprocessor/Parser.go:213.20,214.49 1 1
github.com/essenius/slim4go/internal/slimprocessor/Parser.go:215.78,216.70 1 1
github.com/essenius/slim4go/internal/slimprocessor/Parser.go:217.83,218.71 1 1
github.com/essenius/slim4go/internal/slimprocessor/Parser.go:219.40,220.69 1 1
github.com/essenius/slim4go/internal/slimprocessor/Parser.go:221.22,222.35 1 1
github.com/essenius/slim4go/internal/slimprocessor/Parser.go:223.10,224.36 1 1
github.com/essenius/slim4go/internal/slimprocessor/Parser.go:226.16,228.3 1 1
github.com/essenius/slim4go/internal/slimprocessor/Parser.go:232.93,234.16 2 1
github.com/essenius/slim4go/internal/slimprocessor/Parser.go:237.2,239.33 3 1
github.com/essenius/slim4go/internal/slimprocessor/Parser.go:234.16,236.3 1 1
github.com/essenius/slim4go/internal/slimprocessor/Parser.go:242.95,244.39 2 1
github.com/essenius/slim4go/internal/slimprocessor/Parser.go:252.2,252.53 1 1
github.com/essenius/slim4go/internal/slimprocessor/Parser.go:244.39,247.79 3 1
github.com/essenius/slim4go/internal/slimprocessor/Parser.go:250.3,250.20 1 1
github.com/essenius/slim4go/internal/slimprocessor/Parser.go:247.79,249.4 1 1
github.com/essenius/slim4go/internal/slimprocessor/Parser.go:255.103,257.20 2 1
github.com/essenius/slim4go/internal/slimprocessor/Parser.go:257.20,259.22 2 1
github.com/essenius/slim4go/internal/slimprocessor/Parser.go:262.3,267.22 2 1
github.com/essenius/slim4go/internal/slimprocessor/Parser.go:280.3,280.61 1 1
github.com/essenius/slim4go/internal/slimprocessor/Parser.go:259.22,261.4 1 1
github.com/essenius/slim4go/internal/slimprocessor/Parser.go:267.22,268.95 1 1
github.com/essenius/slim4go/internal/slimprocessor/Parser.go:271.4,271.37 1 1
github.com/essenius/slim4go/internal/slimprocessor/Parser.go:268.95,270.5 1 0
github.com/essenius/slim4go/internal/slimprocessor/Parser.go:272.9,276.18 4 1
github.com/essenius/slim4go/internal/slimprocessor/Parser.go:276.18,278.5 1 1
github.com/essenius/slim4go/internal/slimprocessor/Parser.go:284.106,286.17 2 1
github.com/essenius/slim4go/internal/slimprocessor/Parser.go:289.2,290.17 2 1
github.com/essenius/slim4go/internal/slimprocessor/Parser.go:293.2,293.26 1 1
github.com/essenius/slim4go/internal/slimprocessor/Parser.go:286.17,288.3 1 1
github.com/essenius/slim4go/internal/slimprocessor/Parser.go:290.17,292.3 1 1
github.com/essenius/slim4go/internal/slimprocessor/Parser.go:296.70,297.62 1 1
github.com/essenius/slim4go/internal/slimprocessor/Parser.go:300.2,300.63 1 1
github.com/essenius/slim4go/internal/slimprocessor/Parser.go:303.2,303.61 1 1
github.com/essenius/slim4go/internal/slimprocessor/Parser.go:306.2,306.57 1 1
github.com/essenius/slim4go/internal/slimprocessor/Parser.go:309.2,309.14 1 1
github.com/essenius/slim4go/internal/slimprocessor/Parser.go:297.62,299.3 1 1
github.com/essenius/slim4go/internal/slimprocessor/Parser.go:300.63,302.3 1 1
github.com/essenius/slim4go/internal/slimprocessor/Parser.go:303.61,305.3 1 1
github.com/essenius/slim4go/internal/slimprocessor/Parser.go:306.57,308.3 1 1
github.com/essenius/slim4go/internal/slimprocessor/SlimProcessor.go:31.43,33.2 1 1
github.com/essenius/slim4go/internal/slimprocessor/SlimProcessor.go:35.91,40.2 4 1
github.com/essenius/slim4go/internal/slimprocessor/SlimProcessor.go:44.75,47.2 2 1
github.com/essenius/slim4go/internal/slimprocessor/SlimProcessor.go:49.59,50.40 1 1
github.com/essenius/slim4go/internal/slimprocessor/SlimProcessor.go:53.2,53.64 1 0
github.com/essenius/slim4go/internal/slimprocessor/SlimProcessor.go:50.40,52.3 1 1
github.com/essenius/slim4go/internal/slimprocessor/SlimProcessor.go:58.102,60.17 2 1
github.com/essenius/slim4go/internal/slimprocessor/SlimProcessor.go:61.16,62.45 1 1
github.com/essenius/slim4go/internal/slimprocessor/SlimProcessor.go:63.14,64.53 1 1
github.com/essenius/slim4go/internal/slimprocessor/SlimProcessor.go:65.23,66.51 1 1
github.com/essenius/slim4go/internal/slimprocessor/SlimProcessor.go:67.16,68.45 1 1
github.com/essenius/slim4go/internal/slimprocessor/SlimProcessor.go:69.14,70.43 1 1
github.com/essenius/slim4go/internal/slimprocessor/SlimProcessor.go:71.10,72.43 1 1
github.com/essenius/slim4go/internal/slimprocessor/SlimProcessor.go:76.113,79.12 3 1
github.com/essenius/slim4go/internal/slimprocessor/SlimProcessor.go:83.2,83.9 1 1
github.com/essenius/slim4go/internal/slimprocessor/SlimProcessor.go:79.12,82.3 2 1
github.com/essenius/slim4go/internal/slimprocessor/SlimProcessor.go:84.33,86.16 2 1
github.com/essenius/slim4go/internal/slimprocessor/SlimProcessor.go:87.28,88.54 1 1
github.com/essenius/slim4go/internal/slimprocessor/SlimProcessor.go:92.87,93.30 1 1
github.com/essenius/slim4go/internal/slimprocessor/SlimProcessor.go:96.2,99.26 4 1
github.com/essenius/slim4go/internal/slimprocessor/SlimProcessor.go:93.30,95.3 1 1
github.com/essenius/slim4go/internal/slimprocessor/SlimProcessor.go:107.115,108.38 1 1
github.com/essenius/slim4go/internal/slimprocessor/SlimProcessor.go:111.2,113.25 3 1
github.com/essenius/slim4go/internal/slimprocessor/SlimProcessor.go:117.2,121.25 5 1
github.com/essenius/slim4go/internal/slimprocessor/SlimProcessor.go:124.2,124.35 1 1
github.com/essenius/slim4go/internal/slimprocessor/SlimProcessor.go:108.38,110.3 1 1
github.com/essenius/slim4go/internal/slimprocessor/SlimProcessor.go:113.25,116.3 2 1
github.com/essenius/slim4go/internal/slimprocessor/SlimProcessor.go:121.25,123.3 1 1
github.com/essenius/slim4go/internal/slimprocessor/SlimProcessor.go:127.102,128.30 1 1
github.com/essenius/slim4go/internal/slimprocessor/SlimProcessor.go:131.2,132.51 2 1
github.com/essenius/slim4go/internal/slimprocessor/SlimProcessor.go:128.30,130.3 1 1
github.com/essenius/slim4go/internal/slimprocessor/SlimProcessor.go:135.100,136.30 1 1
github.com/essenius/slim4go/internal/slimprocessor/SlimProcessor.go:139.2,142.72 4 1
github.com/essenius/slim4go/internal/slimprocessor/SlimProcessor.go:136.30,138.3 1 1
github.com/essenius/slim4go/internal/slimprocessor/SlimProcessor.go:146.101,148.44 2 1
github.com/essenius/slim4go/internal/slimprocessor/SlimProcessor.go:166.2,166.16 1 1
github.com/essenius/slim4go/internal/slimprocessor/SlimProcessor.go:148.44,149.41 1 1
github.com/essenius/slim4go/internal/slimprocessor/SlimProcessor.go:149.41,151.37 2 1
github.com/essenius/slim4go/internal/slimprocessor/SlimProcessor.go:151.37,153.5 1 1
github.com/essenius/slim4go/internal/slimprocessor/SlimProcessor.go:153.10,155.38 2 1
github.com/essenius/slim4go/internal/slimprocessor/SlimProcessor.go:155.38,157.6 1 1
github.com/essenius/slim4go/internal/slimprocessor/SlimProcessor.go:157.11,160.6 2 1
github.com/essenius/slim4go/internal/slimprocessor/SlimProcessor.go:162.9,164.4 1 0
